{"name": "test_sample_three", "status": "skipped", "statusDetails": {"message": "XFAIL\n\nAssertionError: assert False\n +  where False = <method-wrapper '__eq__' of str object at 0x10548db60>('Shuhada')\n +    where <method-wrapper '__eq__' of str object at 0x10548db60> = 'Ana'.__eq__", "trace": "@pytest.mark.xfail\n    def test_sample_three():\n        a = \"Ana\"\n        b = \"Shuhada\"\n>       assert a.__eq__(b)\nE       AssertionError: assert False\nE        +  where False = <method-wrapper '__eq__' of str object at 0x10548db60>('Shuhada')\nE        +    where <method-wrapper '__eq__' of str object at 0x10548db60> = 'Ana'.__eq__\n\nsamplepackage/test_SampleFile1.py:22: AssertionError"}, "start": 1748581259698, "stop": 1748581259698, "uuid": "8e57b8d5-8ccf-4dd7-970a-a15c9ca46bdc", "historyId": "6260e95a1b94f0f7bae70f92b94df72b", "testCaseId": "6260e95a1b94f0f7bae70f92b94df72b", "fullName": "samplepackage.test_SampleFile1#test_sample_three", "labels": [{"name": "tag", "value": "@pytest.mark.xfail"}, {"name": "parentSuite", "value": "samplepackage"}, {"name": "suite", "value": "test_SampleFile1"}, {"name": "host", "value": "Macmini"}, {"name": "thread", "value": "2906-MainThread"}, {"name": "framework", "value": "pytest"}, {"name": "language", "value": "cpython3"}, {"name": "package", "value": "samplepackage.test_SampleFile1"}]}