{"name": "test_sample_three", "status": "skipped", "statusDetails": {"message": "XFAIL\n\nAssertionError: assert False\n +  where False = <method-wrapper '__eq__' of str object at 0x1071b1ec0>('Shuhada')\n +    where <method-wrapper '__eq__' of str object at 0x1071b1ec0> = 'Ana'.__eq__", "trace": "@pytest.mark.xfail\n    def test_sample_three():\n        a = \"Ana\"\n        b = \"Shuhada\"\n>       assert a.__eq__(b)\nE       AssertionError: assert False\nE        +  where False = <method-wrapper '__eq__' of str object at 0x1071b1ec0>('Shuhada')\nE        +    where <method-wrapper '__eq__' of str object at 0x1071b1ec0> = 'Ana'.__eq__\n\nsamplepackage/test_SampleFile1.py:22: AssertionError"}, "start": 1748581561677, "stop": 1748581561677, "uuid": "ef00c31b-8b93-4fff-97c2-3a7507b38130", "historyId": "6260e95a1b94f0f7bae70f92b94df72b", "testCaseId": "6260e95a1b94f0f7bae70f92b94df72b", "fullName": "samplepackage.test_SampleFile1#test_sample_three", "labels": [{"name": "tag", "value": "@pytest.mark.xfail"}, {"name": "parentSuite", "value": "samplepackage"}, {"name": "suite", "value": "test_SampleFile1"}, {"name": "host", "value": "Macmini"}, {"name": "thread", "value": "3592-MainThread"}, {"name": "framework", "value": "pytest"}, {"name": "language", "value": "cpython3"}, {"name": "package", "value": "samplepackage.test_SampleFile1"}]}